TN:
SF:src\index.ts
FN:17,(anonymous_1)
FNF:1
FNH:0
FNDA:0,(anonymous_1)
DA:1,1
DA:2,1
DA:3,1
DA:4,1
DA:6,1
DA:7,1
DA:8,1
DA:13,1
DA:15,1
DA:16,0
DA:17,0
DA:18,0
DA:21,1
LF:13
LH:10
BRDA:15,0,0,0
BRDA:16,1,0,0
BRDA:16,1,1,0
BRF:3
BRH:0
end_of_record
TN:
SF:src\config\authMiddleware.ts
FN:6,(anonymous_1)
FNF:1
FNH:1
FNDA:3,(anonymous_1)
DA:2,2
DA:4,2
DA:6,2
DA:7,3
DA:9,3
DA:10,1
DA:11,1
DA:14,2
DA:15,2
DA:16,1
DA:17,1
DA:19,1
DA:20,1
LF:13
LH:13
BRDA:4,0,0,2
BRDA:4,0,1,1
BRDA:7,1,0,1
BRDA:7,1,1,2
BRDA:7,2,0,3
BRDA:7,2,1,3
BRDA:9,3,0,1
BRF:7
BRH:7
end_of_record
TN:
SF:src\config\firestore.ts
FN:12,testFirestoreConnection
FNF:1
FNH:1
FNDA:2,testFirestoreConnection
DA:1,6
DA:2,6
DA:3,6
DA:4,6
DA:6,6
DA:10,6
DA:12,6
DA:13,2
DA:14,2
DA:15,2
DA:16,1
DA:18,1
DA:23,6
LF:13
LH:13
BRDA:4,0,0,6
BRDA:4,0,1,0
BRF:2
BRH:1
end_of_record
TN:
SF:src\controller\taskController.ts
FN:4,(anonymous_13)
FN:4,(anonymous_14)
FN:14,(anonymous_15)
FN:14,(anonymous_16)
FN:25,(anonymous_17)
FN:25,(anonymous_18)
FN:38,(anonymous_19)
FN:38,(anonymous_20)
FNF:8
FNH:8
FNDA:2,(anonymous_13)
FNDA:2,(anonymous_14)
FNDA:2,(anonymous_15)
FNDA:2,(anonymous_16)
FNDA:2,(anonymous_17)
FNDA:2,(anonymous_18)
FNDA:2,(anonymous_19)
FNDA:2,(anonymous_20)
DA:2,3
DA:4,3
DA:5,2
DA:6,2
DA:7,2
DA:8,1
DA:10,1
DA:14,3
DA:15,2
DA:16,2
DA:17,2
DA:18,2
DA:19,1
DA:21,1
DA:25,3
DA:26,2
DA:27,2
DA:28,2
DA:29,2
DA:31,2
DA:32,1
DA:34,1
DA:38,3
DA:39,2
DA:40,2
DA:41,2
DA:43,2
DA:44,1
DA:46,1
LF:29
LH:29
BRF:0
BRH:0
end_of_record
TN:
SF:src\controller\userController.ts
FN:6,(anonymous_14)
FN:6,(anonymous_15)
FN:16,(anonymous_16)
FN:16,(anonymous_17)
FNF:4
FNH:4
FNDA:2,(anonymous_14)
FNDA:2,(anonymous_15)
FNDA:1,(anonymous_16)
FNDA:1,(anonymous_17)
DA:2,3
DA:3,3
DA:4,3
DA:6,3
DA:7,2
DA:8,2
DA:9,1
DA:10,1
DA:12,1
DA:16,3
DA:17,1
DA:18,1
DA:19,1
DA:20,1
DA:22,1
LF:15
LH:15
BRDA:4,0,0,3
BRDA:4,0,1,0
BRDA:8,1,0,1
BRDA:8,1,1,1
BRF:4
BRH:3
end_of_record
TN:
SF:src\routes\index.ts
FNF:0
FNH:0
DA:1,1
DA:2,1
DA:3,1
DA:5,1
DA:7,1
DA:8,1
DA:10,1
LF:7
LH:7
BRF:0
BRH:0
end_of_record
TN:
SF:src\routes\taskRoutes.ts
FNF:0
FNH:0
DA:1,2
DA:2,2
DA:3,2
DA:5,2
DA:6,2
DA:7,2
DA:8,2
DA:9,2
DA:10,2
DA:12,2
LF:10
LH:10
BRF:0
BRH:0
end_of_record
TN:
SF:src\routes\userRoutes.ts
FNF:0
FNH:0
DA:1,2
DA:2,2
DA:4,2
DA:6,2
DA:7,2
DA:9,2
LF:6
LH:6
BRF:0
BRH:0
end_of_record
TN:
SF:src\services\taskService.ts
FN:7,(anonymous_8)
FN:7,(anonymous_9)
FN:9,(anonymous_10)
FN:12,(anonymous_11)
FN:12,(anonymous_12)
FN:21,(anonymous_13)
FN:21,(anonymous_14)
FN:32,(anonymous_15)
FN:32,(anonymous_16)
FNF:9
FNH:9
FNDA:1,(anonymous_8)
FNDA:1,(anonymous_9)
FNDA:2,(anonymous_10)
FNDA:1,(anonymous_11)
FNDA:1,(anonymous_12)
FNDA:2,(anonymous_13)
FNDA:2,(anonymous_14)
FNDA:2,(anonymous_15)
FNDA:2,(anonymous_16)
DA:1,4
DA:5,4
DA:7,4
DA:8,1
DA:9,2
DA:12,4
DA:13,1
DA:18,1
DA:21,4
DA:22,2
DA:23,2
DA:25,2
DA:26,1
DA:29,1
DA:32,4
DA:33,2
DA:34,2
DA:36,2
DA:37,1
DA:40,1
LF:20
LH:20
BRDA:25,0,0,1
BRDA:25,1,0,2
BRDA:25,1,1,1
BRDA:25,2,0,0
BRDA:25,2,1,1
BRDA:25,3,0,1
BRDA:25,3,1,1
BRDA:36,4,0,1
BRDA:36,5,0,2
BRDA:36,5,1,1
BRDA:36,6,0,0
BRDA:36,6,1,1
BRDA:36,7,0,1
BRDA:36,7,1,1
BRF:14
BRH:12
end_of_record
TN:
SF:src\services\userService.ts
FN:6,(anonymous_8)
FN:6,(anonymous_9)
FN:11,(anonymous_10)
FN:11,(anonymous_11)
FNF:4
FNH:4
FNDA:2,(anonymous_8)
FNDA:2,(anonymous_9)
FNDA:1,(anonymous_10)
FNDA:1,(anonymous_11)
DA:1,4
DA:4,4
DA:6,4
DA:7,2
DA:8,2
DA:11,4
DA:12,1
LF:7
LH:7
BRDA:8,0,0,1
BRDA:8,0,1,1
BRF:2
BRH:2
end_of_record
